
********************************************************
*   INITIALIZING SYSTEM+BATH HAMILTONIAN               *
********************************************************

--- System eigenvalues
[-1.  0.  1.]

********************************************************
*   PERFORMING EHRENFEST DYNAMICS                      *
********************************************************

--- Finished performing RDM dynamics

********************************************************
*   CALCULATING LINEAR ABSORPTION SPECTRUM             *
********************************************************

--- Finished performing RDM dynamics

********************************************************
*   INITIALIZING SYSTEM+BATH HAMILTONIAN               *
********************************************************

--- System eigenvalues
[-1.  0.  1.]

********************************************************
*   PERFORMING EHRENFEST DYNAMICS                      *
********************************************************

--- Finished performing RDM dynamics

********************************************************
*   CALCULATING LINEAR ABSORPTION SPECTRUM             *
********************************************************

********************************************************
*   INITIALIZING SYSTEM+BATH HAMILTONIAN               *
********************************************************

--- System eigenvalues
[-1.  0.  1.]

********************************************************
*   PERFORMING EHRENFEST DYNAMICS                      *
********************************************************

********************************************************
*   CALCULATING LINEAR ABSORPTION SPECTRUM             *
********************************************************

--- Finished performing RDM dynamics

********************************************************
*   INITIALIZING SYSTEM+BATH HAMILTONIAN               *
********************************************************

--- System eigenvalues
[-1.  0.  1.]

********************************************************
*   PERFORMING EHRENFEST DYNAMICS                      *
********************************************************

********************************************************
*   CALCULATING LINEAR ABSORPTION SPECTRUM             *
********************************************************
