
********************************************************
*   INITIALIZING SYSTEM+BATH HAMILTONIAN               *
********************************************************

--- System eigenvalues
[-111.80339887    0.            0.          111.80339887]

********************************************************
*   CALCULATING LINEAR ABSORPTION SPECTRUM             *
********************************************************

********************************************************
*   CALCULATING TWO-DIMENSIONAL SPECTRUM               *
********************************************************
--- Spectrum will require O(1336) propagations.
--- Calculating third-order response function ... Including all Liouville pathways
done.
--- Performing 2D Fourier transform ... done.

********************************************************
*   INITIALIZING SYSTEM+BATH HAMILTONIAN               *
********************************************************

--- System eigenvalues
[-111.80339887    0.            0.          111.80339887]

********************************************************
*   CALCULATING LINEAR ABSORPTION SPECTRUM             *
********************************************************

********************************************************
*   CALCULATING TWO-DIMENSIONAL SPECTRUM               *
********************************************************
--- Spectrum will require O(1336) propagations.
--- Calculating third-order response function ... Including all Liouville pathways
done.
--- Performing 2D Fourier transform ... done.

********************************************************
*   INITIALIZING SYSTEM+BATH HAMILTONIAN               *
********************************************************

--- System eigenvalues
[-111.80339887    0.            0.          111.80339887]

********************************************************
*   CALCULATING LINEAR ABSORPTION SPECTRUM             *
********************************************************

********************************************************
*   CALCULATING TWO-DIMENSIONAL SPECTRUM               *
********************************************************
--- Spectrum will require O(1336) propagations.
--- Calculating third-order response function ... Including all Liouville pathways
done.
--- Performing 2D Fourier transform ... done.
