[array([[ 0.,  0.,  0.],
       [ 0.,  1.,  0.],
       [ 0.,  0.,  0.]]), array([[ 0.,  0.,  0.],
       [ 0.,  0.,  0.],
       [ 0.,  0.,  1.]])]

********************************************************
*   INITIALIZING SYSTEM+BATH HAMILTONIAN               *
********************************************************

--- System eigenvalues
[-1.  0.  1.]

************************************************************************
*   PERFORMING RDM DYNAMICS WITH THE HIERARCHICAL EQUATIONS OF MOTION  *
************************************************************************
--- Hierarchy depth, L = 32
--- Maximum Matsubara frequency, K = 0
--- Using Matsubara truncation scheme: Ishizaki-Tanimura
--- Using Shi et al. scaled ADMs.
--- Initializing auxiliary density matrix hierarchy ... done.
--- Initializing Matsubara expansion ... done.

********************************************************
*   CALCULATING LINEAR ABSORPTION SPECTRUM             *
********************************************************
--- Propagating RDM ... done.
