
********************************************************
*   INITIALIZING SYSTEM+BATH HAMILTONIAN               *
********************************************************

--- System eigenvalues
[-1.  0.  1.]

********************************************************
*   PERFORMING RDM DYNAMICS WITH METHOD = TCL2         *
********************************************************

--- Using the secular approximation

********************************************************
*   CALCULATING LINEAR ABSORPTION SPECTRUM             *
********************************************************

--- Precomputing the Redfield tensor

--- Done precomputing the Redfield tensor

--- Finished performing RDM dynamics

********************************************************
*   INITIALIZING SYSTEM+BATH HAMILTONIAN               *
********************************************************

--- System eigenvalues
[-1.  0.  1.]

********************************************************
*   PERFORMING RDM DYNAMICS WITH METHOD = TCL2         *
********************************************************

--- Using the secular approximation

********************************************************
*   CALCULATING LINEAR ABSORPTION SPECTRUM             *
********************************************************

--- Precomputing the Redfield tensor

--- Done precomputing the Redfield tensor

--- Finished performing RDM dynamics

********************************************************
*   INITIALIZING SYSTEM+BATH HAMILTONIAN               *
********************************************************

--- System eigenvalues
[-1.  0.  1.]

********************************************************
*   PERFORMING RDM DYNAMICS WITH METHOD = TCL2         *
********************************************************

--- Using the secular approximation

********************************************************
*   CALCULATING LINEAR ABSORPTION SPECTRUM             *
********************************************************

--- Precomputing the Redfield tensor

--- Done precomputing the Redfield tensor

--- Finished performing RDM dynamics

********************************************************
*   INITIALIZING SYSTEM+BATH HAMILTONIAN               *
********************************************************

--- System eigenvalues
[-1.  0.  1.]

********************************************************
*   PERFORMING RDM DYNAMICS WITH METHOD = TCL2         *
********************************************************

--- Using the secular approximation

********************************************************
*   CALCULATING LINEAR ABSORPTION SPECTRUM             *
********************************************************

--- Precomputing the Redfield tensor

--- Done precomputing the Redfield tensor

--- Finished performing RDM dynamics

********************************************************
*   INITIALIZING SYSTEM+BATH HAMILTONIAN               *
********************************************************

--- System eigenvalues
[-1.  0.  1.]

********************************************************
*   PERFORMING RDM DYNAMICS WITH METHOD = TCL2         *
********************************************************

--- Using the secular approximation

********************************************************
*   CALCULATING LINEAR ABSORPTION SPECTRUM             *
********************************************************

--- Precomputing the Redfield tensor

--- Done precomputing the Redfield tensor

--- Finished performing RDM dynamics

********************************************************
*   INITIALIZING SYSTEM+BATH HAMILTONIAN               *
********************************************************

--- System eigenvalues
[-1.  0.  1.]

********************************************************
*   PERFORMING RDM DYNAMICS WITH METHOD = TCL2         *
********************************************************

--- Using the secular approximation

********************************************************
*   CALCULATING LINEAR ABSORPTION SPECTRUM             *
********************************************************

--- Precomputing the Redfield tensor

--- Done precomputing the Redfield tensor

--- Finished performing RDM dynamics
